<?xml version="1.0" encoding="UTF-8"?>
<testng-results skipped="0" failed="0" total="1" passed="1">
  <reporter-output>
  </reporter-output>
  <suite name="Default suite" duration-ms="248043" started-at="2019-05-16T11:34:22Z" finished-at="2019-05-16T11:38:30Z">
    <groups>
    </groups>
    <test name="Default test" duration-ms="248043" started-at="2019-05-16T11:34:22Z" finished-at="2019-05-16T11:38:30Z">
      <class name="com.connectedrms.learnerdashboard.Login_learner">
        <test-method status="PASS" signature="setup()[pri:0, instance:com.connectedrms.learnerdashboard.Login_learner@cc285f4]" name="setup" is-config="true" duration-ms="9198" started-at="2019-05-16T17:19:22Z" finished-at="2019-05-16T17:19:31Z">
          <reporter-output>
          </reporter-output>
        </test-method> <!-- setup -->
        <test-method status="PASS" signature="login()[pri:0, instance:com.connectedrms.learnerdashboard.Login_learner@cc285f4]" name="login" duration-ms="236939" started-at="2019-05-16T17:19:31Z" finished-at="2019-05-16T17:23:28Z">
          <reporter-output>
          </reporter-output>
        </test-method> <!-- login -->
        <test-method status="PASS" signature="close()[pri:0, instance:com.connectedrms.learnerdashboard.Login_learner@cc285f4]" name="close" is-config="true" duration-ms="1823" started-at="2019-05-16T17:23:28Z" finished-at="2019-05-16T17:23:30Z">
          <reporter-output>
          </reporter-output>
        </test-method> <!-- close -->
      </class> <!-- com.connectedrms.learnerdashboard.Login_learner -->
    </test> <!-- Default test -->
  </suite> <!-- Default suite -->
</testng-results>
